Content-Type: text/plain; charset="utf-8"
MIME-Version: 1.0
Content-Transfer-Encoding: 8bit
Subject: Password reset on localhost:8000
From: webmaster@localhost
To: deluxehay1@gmail.com
Date: Sun, 31 Dec 2023 19:49:08 -0000
Message-ID: <170405214806.44152.11912156986707309657@SeunYusuf>


You're receiving this email because you requested a password reset for your user account at localhost:8000.

Please go to the following page and choose a new password:

http://localhost:8000/reset/Mg/c03b5w-4d8f1c63230fe834f3e439789e542560/

Your username, in case you’ve forgotten: smakinde

Thanks for using our site!

The localhost:8000 team



-------------------------------------------------------------------------------
Content-Type: text/plain; charset="utf-8"
MIME-Version: 1.0
Content-Transfer-Encoding: 8bit
Subject: Password reset on localhost:8000
From: webmaster@localhost
To: deluxehay1@gmail.com
Date: Sun, 31 Dec 2023 19:49:08 -0000
Message-ID: <170405214806.44152.16333448062391274826@SeunYusuf>


You're receiving this email because you requested a password reset for your user account at localhost:8000.

Please go to the following page and choose a new password:

http://localhost:8000/reset/OQ/c03b5w-fad23a5a43d38e603cac5e7629f3ff2b/

Your username, in case you’ve forgotten: sheunyusuf

Thanks for using our site!

The localhost:8000 team



-------------------------------------------------------------------------------
